Using pre-set license
Built from '2020.2/release' branch; Version is '2020.2.4f1 (becced5a802b) revision 12504301'; Using compiler version '192528614'; Build Type 'Release'
OS: 'Windows 10 Home; OS build 22631.5126; Version 2009; 64bit' Language: 'es' Physical Memory: 31849 MB
BatchMode: 1, IsHumanControllingUs: 0, StartBugReporterOnCrash: 0, Is64bit: 1, IsPro: 0

 COMMAND LINE ARGUMENTS:
C:\Program Files\Unity\Hub\Editor\2020.2.4f1\Editor\Unity.exe
-adb2
-batchMode
-noUpm
-name
AssetImportWorker0
-projectPath
C:/Users/AlexF/Downloads/roll a ball Alex/roll a ball Alex
-logFile
Logs/AssetImportWorker0.log
-srvPort
50500
Successfully changed project path to: C:/Users/AlexF/Downloads/roll a ball Alex/roll a ball Alex
C:/Users/AlexF/Downloads/roll a ball Alex/roll a ball Alex
Using Asset Import Pipeline V2.
Refreshing native plugins compatible for Editor in 16.32 ms, found 0 plugins.
Preloading 0 native plugins for Editor in 0.00 ms.
Initialize engine version: 2020.2.4f1 (becced5a802b)
[Subsystems] Discovering subsystems at path C:/Program Files/Unity/Hub/Editor/2020.2.4f1/Editor/Data/Resources/UnitySubsystems
[Subsystems] Discovering subsystems at path C:/Users/AlexF/Downloads/roll a ball Alex/roll a ball Alex/Assets
GfxDevice: creating device client; threaded=0
Direct3D:
    Version:  Direct3D 11.0 [level 11.1]
    Renderer: NVIDIA GeForce RTX 4080 SUPER (ID=0x2702)
    Vendor:   
    VRAM:     16047 MB
    Driver:   32.0.15.7216
Initialize mono
Mono path[0] = 'C:/Program Files/Unity/Hub/Editor/2020.2.4f1/Editor/Data/Managed'
Mono path[1] = 'C:/Program Files/Unity/Hub/Editor/2020.2.4f1/Editor/Data/MonoBleedingEdge/lib/mono/unityjit'
Mono config path = 'C:/Program Files/Unity/Hub/Editor/2020.2.4f1/Editor/Data/MonoBleedingEdge/etc'
Using monoOptions --debugger-agent=transport=dt_socket,embedding=1,server=y,suspend=n,address=127.0.0.1:56392
Begin MonoManager ReloadAssembly
Registering precompiled unity dll's ...
Register platform support module: C:/Program Files/Unity/Hub/Editor/2020.2.4f1/Editor/Data/PlaybackEngines/MacStandaloneSupport/UnityEditor.OSXStandalone.Extensions.dll
Register platform support module: C:/Program Files/Unity/Hub/Editor/2020.2.4f1/Editor/Data/PlaybackEngines/WindowsStandaloneSupport/UnityEditor.WindowsStandalone.Extensions.dll
Registered in 0.001161 seconds.
Native extension for WindowsStandalone target not found
Native extension for OSXStandalone target not found
Refreshing native plugins compatible for Editor in 14.85 ms, found 0 plugins.
Preloading 0 native plugins for Editor in 0.00 ms.
Invoked RoslynAnalysisRunner static constructor.
RoslynAnalysisRunner will not be running.
RoslynAnalysisRunner has terminated.
Mono: successfully reloaded assembly
- Completed reload, in  0.577 seconds
Platform modules already initialized, skipping
Registering precompiled user dll's ...
Registered in 0.000529 seconds.
Begin MonoManager ReloadAssembly
Native extension for WindowsStandalone target not found
Native extension for OSXStandalone target not found
Refreshing native plugins compatible for Editor in 14.47 ms, found 0 plugins.
Preloading 0 native plugins for Editor in 0.00 ms.
Invoked RoslynAnalysisRunner static constructor.
RoslynAnalysisRunner will not be running.
RoslynAnalysisRunner has terminated.
Mono: successfully reloaded assembly
- Completed reload, in  0.418 seconds
Platform modules already initialized, skipping
========================================================================
Worker process is ready to serve import requests
Launched and connected shader compiler UnityShaderCompiler.exe after 0.05 seconds
Refreshing native plugins compatible for Editor in 0.20 ms, found 0 plugins.
Preloading 0 native plugins for Editor in 0.00 ms.
Unloading 1418 Unused Serialized files (Serialized files now loaded: 0)
System memory in use before: 85.5 MB.
System memory in use after: 85.6 MB.

Unloading 11 unused Assets to reduce memory usage. Loaded Objects now: 1883.
Total: 1.632600 ms (FindLiveObjects: 0.133600 ms CreateObjectMapping: 0.025600 ms MarkObjects: 1.417100 ms  DeleteObjects: 0.055500 ms)

========================================================================
Received Import Request.
  path: Assets/materials/bgColor.mat
  artifactKey: Guid(be9bad2adf2bd4d6c98af299b53ae265) Importer(815301076,1909f56bfc062723c751e8b465ee728b)
Start importing Assets/materials/bgColor.mat using Guid(be9bad2adf2bd4d6c98af299b53ae265) Importer(815301076,1909f56bfc062723c751e8b465ee728b)  -> (artifact id: '608764243cc6cdb53a1bc859ca6bc6c8') in 0.077103 seconds
  Import took 0.078808 seconds .

========================================================================
Received Import Request.
  Time since last request: 1.076209 seconds.
  path: Assets/materials/Materials/tuberia.mat
  artifactKey: Guid(87b3d72b159639d49b0f9cf362c605a6) Importer(815301076,1909f56bfc062723c751e8b465ee728b)
Start importing Assets/materials/Materials/tuberia.mat using Guid(87b3d72b159639d49b0f9cf362c605a6) Importer(815301076,1909f56bfc062723c751e8b465ee728b)  -> (artifact id: '95b584404b656862bc80c68657d1f0f6') in 0.010811 seconds
  Import took 0.012764 seconds .

========================================================================
Received Import Request.
  Time since last request: 129.049535 seconds.
  path: ProjectSettings/TagManager.asset
  artifactKey: Guid(00000000000000003000000000000000) Importer(815301076,1909f56bfc062723c751e8b465ee728b)
Start importing ProjectSettings/TagManager.asset using Guid(00000000000000003000000000000000) Importer(815301076,1909f56bfc062723c751e8b465ee728b)  -> (artifact id: '855be6e4299f88190e15fbbdc87fb4bf') in 0.007285 seconds
  Import took 0.009036 seconds .

========================================================================
Received Prepare
Registering precompiled user dll's ...
Registered in 0.000503 seconds.
Begin MonoManager ReloadAssembly
Native extension for WindowsStandalone target not found
Native extension for OSXStandalone target not found
Refreshing native plugins compatible for Editor in 0.19 ms, found 0 plugins.
Preloading 0 native plugins for Editor in 0.00 ms.
Invoked RoslynAnalysisRunner static constructor.
RoslynAnalysisRunner will not be running.
RoslynAnalysisRunner has terminated.
Mono: successfully reloaded assembly
- Completed reload, in  0.379 seconds
Platform modules already initialized, skipping
Refreshing native plugins compatible for Editor in 0.33 ms, found 0 plugins.
Preloading 0 native plugins for Editor in 0.00 ms.
Unloading 1398 Unused Serialized files (Serialized files now loaded: 0)
System memory in use before: 87.8 MB.
System memory in use after: 87.9 MB.

Unloading 5 unused Assets to reduce memory usage. Loaded Objects now: 1925.
Total: 1.920700 ms (FindLiveObjects: 0.217600 ms CreateObjectMapping: 0.040500 ms MarkObjects: 1.646400 ms  DeleteObjects: 0.015400 ms)

========================================================================
Received Prepare
Registering precompiled user dll's ...
Registered in 0.000381 seconds.
Begin MonoManager ReloadAssembly
Native extension for WindowsStandalone target not found
Native extension for OSXStandalone target not found
Refreshing native plugins compatible for Editor in 0.20 ms, found 0 plugins.
Preloading 0 native plugins for Editor in 0.00 ms.
Invoked RoslynAnalysisRunner static constructor.
RoslynAnalysisRunner will not be running.
RoslynAnalysisRunner has terminated.
Mono: successfully reloaded assembly
- Completed reload, in  0.383 seconds
Platform modules already initialized, skipping
Refreshing native plugins compatible for Editor in 0.32 ms, found 0 plugins.
Preloading 0 native plugins for Editor in 0.00 ms.
Unloading 1398 Unused Serialized files (Serialized files now loaded: 0)
System memory in use before: 87.8 MB.
System memory in use after: 88.0 MB.

Unloading 4 unused Assets to reduce memory usage. Loaded Objects now: 1927.
Total: 1.347800 ms (FindLiveObjects: 0.171500 ms CreateObjectMapping: 0.026500 ms MarkObjects: 1.137200 ms  DeleteObjects: 0.011700 ms)

========================================================================
Received Prepare
Registering precompiled user dll's ...
Registered in 0.000356 seconds.
Begin MonoManager ReloadAssembly
Native extension for WindowsStandalone target not found
Native extension for OSXStandalone target not found
Refreshing native plugins compatible for Editor in 0.20 ms, found 0 plugins.
Preloading 0 native plugins for Editor in 0.00 ms.
Invoked RoslynAnalysisRunner static constructor.
RoslynAnalysisRunner will not be running.
RoslynAnalysisRunner has terminated.
Mono: successfully reloaded assembly
- Completed reload, in  0.371 seconds
Platform modules already initialized, skipping
Refreshing native plugins compatible for Editor in 0.29 ms, found 0 plugins.
Preloading 0 native plugins for Editor in 0.00 ms.
Unloading 1398 Unused Serialized files (Serialized files now loaded: 0)
System memory in use before: 87.9 MB.
System memory in use after: 88.0 MB.

Unloading 4 unused Assets to reduce memory usage. Loaded Objects now: 1929.
Total: 1.851000 ms (FindLiveObjects: 0.208700 ms CreateObjectMapping: 0.027600 ms MarkObjects: 1.600900 ms  DeleteObjects: 0.013100 ms)

========================================================================
Received Prepare
Registering precompiled user dll's ...
Registered in 0.000344 seconds.
Begin MonoManager ReloadAssembly
Native extension for WindowsStandalone target not found
Native extension for OSXStandalone target not found
Refreshing native plugins compatible for Editor in 0.20 ms, found 0 plugins.
Preloading 0 native plugins for Editor in 0.00 ms.
Invoked RoslynAnalysisRunner static constructor.
RoslynAnalysisRunner will not be running.
RoslynAnalysisRunner has terminated.
Mono: successfully reloaded assembly
- Completed reload, in  0.409 seconds
Platform modules already initialized, skipping
Refreshing native plugins compatible for Editor in 0.29 ms, found 0 plugins.
Preloading 0 native plugins for Editor in 0.00 ms.
Unloading 1398 Unused Serialized files (Serialized files now loaded: 0)
System memory in use before: 87.9 MB.
System memory in use after: 88.0 MB.

Unloading 4 unused Assets to reduce memory usage. Loaded Objects now: 1931.
Total: 1.854900 ms (FindLiveObjects: 0.213400 ms CreateObjectMapping: 0.035300 ms MarkObjects: 1.591400 ms  DeleteObjects: 0.013700 ms)

========================================================================
Received Prepare
Registering precompiled user dll's ...
Registered in 0.000414 seconds.
Begin MonoManager ReloadAssembly
Native extension for WindowsStandalone target not found
Native extension for OSXStandalone target not found
Refreshing native plugins compatible for Editor in 0.19 ms, found 0 plugins.
Preloading 0 native plugins for Editor in 0.00 ms.
Invoked RoslynAnalysisRunner static constructor.
RoslynAnalysisRunner will not be running.
RoslynAnalysisRunner has terminated.
Mono: successfully reloaded assembly
- Completed reload, in  0.390 seconds
Platform modules already initialized, skipping
Refreshing native plugins compatible for Editor in 0.33 ms, found 0 plugins.
Preloading 0 native plugins for Editor in 0.00 ms.
Unloading 1398 Unused Serialized files (Serialized files now loaded: 0)
System memory in use before: 87.9 MB.
System memory in use after: 88.0 MB.

Unloading 4 unused Assets to reduce memory usage. Loaded Objects now: 1933.
Total: 2.403300 ms (FindLiveObjects: 0.285500 ms CreateObjectMapping: 0.053600 ms MarkObjects: 2.046300 ms  DeleteObjects: 0.017100 ms)

========================================================================
Received Prepare
Registering precompiled user dll's ...
Registered in 0.000335 seconds.
Begin MonoManager ReloadAssembly
Native extension for WindowsStandalone target not found
Native extension for OSXStandalone target not found
Refreshing native plugins compatible for Editor in 0.19 ms, found 0 plugins.
Preloading 0 native plugins for Editor in 0.00 ms.
Invoked RoslynAnalysisRunner static constructor.
RoslynAnalysisRunner will not be running.
RoslynAnalysisRunner has terminated.
Mono: successfully reloaded assembly
- Completed reload, in  0.380 seconds
Platform modules already initialized, skipping
Refreshing native plugins compatible for Editor in 0.34 ms, found 0 plugins.
Preloading 0 native plugins for Editor in 0.00 ms.
Unloading 1398 Unused Serialized files (Serialized files now loaded: 0)
System memory in use before: 87.9 MB.
System memory in use after: 88.0 MB.

Unloading 4 unused Assets to reduce memory usage. Loaded Objects now: 1935.
Total: 1.571900 ms (FindLiveObjects: 0.209600 ms CreateObjectMapping: 0.035300 ms MarkObjects: 1.313300 ms  DeleteObjects: 0.012500 ms)

========================================================================
Received Prepare
Registering precompiled user dll's ...
Registered in 0.000331 seconds.
Begin MonoManager ReloadAssembly
Native extension for WindowsStandalone target not found
Native extension for OSXStandalone target not found
Refreshing native plugins compatible for Editor in 0.19 ms, found 0 plugins.
Preloading 0 native plugins for Editor in 0.00 ms.
Invoked RoslynAnalysisRunner static constructor.
RoslynAnalysisRunner will not be running.
RoslynAnalysisRunner has terminated.
Mono: successfully reloaded assembly
- Completed reload, in  0.382 seconds
Platform modules already initialized, skipping
Refreshing native plugins compatible for Editor in 0.36 ms, found 0 plugins.
Preloading 0 native plugins for Editor in 0.00 ms.
Unloading 1398 Unused Serialized files (Serialized files now loaded: 0)
System memory in use before: 87.9 MB.
System memory in use after: 88.0 MB.

Unloading 4 unused Assets to reduce memory usage. Loaded Objects now: 1937.
Total: 1.822300 ms (FindLiveObjects: 0.231700 ms CreateObjectMapping: 0.037000 ms MarkObjects: 1.532200 ms  DeleteObjects: 0.020100 ms)

========================================================================
Received Prepare
Registering precompiled user dll's ...
Registered in 0.000334 seconds.
Begin MonoManager ReloadAssembly
Native extension for WindowsStandalone target not found
Native extension for OSXStandalone target not found
Refreshing native plugins compatible for Editor in 0.19 ms, found 0 plugins.
Preloading 0 native plugins for Editor in 0.00 ms.
Invoked RoslynAnalysisRunner static constructor.
RoslynAnalysisRunner will not be running.
RoslynAnalysisRunner has terminated.
Mono: successfully reloaded assembly
- Completed reload, in  0.377 seconds
Platform modules already initialized, skipping
Refreshing native plugins compatible for Editor in 0.33 ms, found 0 plugins.
Preloading 0 native plugins for Editor in 0.00 ms.
Unloading 1398 Unused Serialized files (Serialized files now loaded: 0)
System memory in use before: 87.9 MB.
System memory in use after: 88.0 MB.

Unloading 4 unused Assets to reduce memory usage. Loaded Objects now: 1939.
Total: 1.220700 ms (FindLiveObjects: 0.131800 ms CreateObjectMapping: 0.017600 ms MarkObjects: 1.060000 ms  DeleteObjects: 0.010400 ms)

========================================================================
Received Prepare
Registering precompiled user dll's ...
Registered in 0.000349 seconds.
Begin MonoManager ReloadAssembly
Native extension for WindowsStandalone target not found
Native extension for OSXStandalone target not found
Refreshing native plugins compatible for Editor in 0.21 ms, found 0 plugins.
Preloading 0 native plugins for Editor in 0.00 ms.
Invoked RoslynAnalysisRunner static constructor.
RoslynAnalysisRunner will not be running.
RoslynAnalysisRunner has terminated.
Mono: successfully reloaded assembly
- Completed reload, in  0.420 seconds
Platform modules already initialized, skipping
Refreshing native plugins compatible for Editor in 0.31 ms, found 0 plugins.
Preloading 0 native plugins for Editor in 0.00 ms.
Unloading 1398 Unused Serialized files (Serialized files now loaded: 0)
System memory in use before: 87.9 MB.
System memory in use after: 88.0 MB.

Unloading 4 unused Assets to reduce memory usage. Loaded Objects now: 1941.
Total: 1.846600 ms (FindLiveObjects: 0.193900 ms CreateObjectMapping: 0.028400 ms MarkObjects: 1.607500 ms  DeleteObjects: 0.016200 ms)

========================================================================
Received Import Request.
  Time since last request: 1810.747714 seconds.
  path: ProjectSettings/TagManager.asset
  artifactKey: Guid(00000000000000003000000000000000) Importer(815301076,1909f56bfc062723c751e8b465ee728b)
Start importing ProjectSettings/TagManager.asset using Guid(00000000000000003000000000000000) Importer(815301076,1909f56bfc062723c751e8b465ee728b)  -> (artifact id: '289e1d01ee91c144564dea3435600886') in 0.008103 seconds
  Import took 0.010021 seconds .

========================================================================
Received Prepare
Registering precompiled user dll's ...
Registered in 0.000335 seconds.
Begin MonoManager ReloadAssembly
Native extension for WindowsStandalone target not found
Native extension for OSXStandalone target not found
Refreshing native plugins compatible for Editor in 0.19 ms, found 0 plugins.
Preloading 0 native plugins for Editor in 0.00 ms.
Invoked RoslynAnalysisRunner static constructor.
RoslynAnalysisRunner will not be running.
RoslynAnalysisRunner has terminated.
Mono: successfully reloaded assembly
- Completed reload, in  0.371 seconds
Platform modules already initialized, skipping
Refreshing native plugins compatible for Editor in 0.30 ms, found 0 plugins.
Preloading 0 native plugins for Editor in 0.00 ms.
Unloading 1398 Unused Serialized files (Serialized files now loaded: 0)
System memory in use before: 87.9 MB.
System memory in use after: 88.0 MB.

Unloading 5 unused Assets to reduce memory usage. Loaded Objects now: 1943.
Total: 1.374600 ms (FindLiveObjects: 0.140100 ms CreateObjectMapping: 0.022000 ms MarkObjects: 1.199800 ms  DeleteObjects: 0.011800 ms)

========================================================================
Received Prepare
Registering precompiled user dll's ...
Registered in 0.000408 seconds.
Begin MonoManager ReloadAssembly
Native extension for WindowsStandalone target not found
Native extension for OSXStandalone target not found
Refreshing native plugins compatible for Editor in 0.20 ms, found 0 plugins.
Preloading 0 native plugins for Editor in 0.00 ms.
Invoked RoslynAnalysisRunner static constructor.
RoslynAnalysisRunner will not be running.
RoslynAnalysisRunner has terminated.
Mono: successfully reloaded assembly
- Completed reload, in  0.424 seconds
Platform modules already initialized, skipping
Refreshing native plugins compatible for Editor in 0.29 ms, found 0 plugins.
Preloading 0 native plugins for Editor in 0.00 ms.
Unloading 1398 Unused Serialized files (Serialized files now loaded: 0)
System memory in use before: 87.9 MB.
System memory in use after: 88.0 MB.

Unloading 4 unused Assets to reduce memory usage. Loaded Objects now: 1945.
Total: 2.061600 ms (FindLiveObjects: 0.345000 ms CreateObjectMapping: 0.034200 ms MarkObjects: 1.667200 ms  DeleteObjects: 0.014300 ms)

========================================================================
Received Prepare
Registering precompiled user dll's ...
Registered in 0.000537 seconds.
Begin MonoManager ReloadAssembly
Native extension for WindowsStandalone target not found
Native extension for OSXStandalone target not found
Refreshing native plugins compatible for Editor in 0.19 ms, found 0 plugins.
Preloading 0 native plugins for Editor in 0.00 ms.
Invoked RoslynAnalysisRunner static constructor.
RoslynAnalysisRunner will not be running.
RoslynAnalysisRunner has terminated.
Mono: successfully reloaded assembly
- Completed reload, in  0.369 seconds
Platform modules already initialized, skipping
Refreshing native plugins compatible for Editor in 0.31 ms, found 0 plugins.
Preloading 0 native plugins for Editor in 0.00 ms.
Unloading 1398 Unused Serialized files (Serialized files now loaded: 0)
System memory in use before: 87.9 MB.
System memory in use after: 88.1 MB.

Unloading 4 unused Assets to reduce memory usage. Loaded Objects now: 1947.
Total: 1.857600 ms (FindLiveObjects: 0.197000 ms CreateObjectMapping: 0.033100 ms MarkObjects: 1.614000 ms  DeleteObjects: 0.012700 ms)

========================================================================
Received Import Request.
  Time since last request: 528.591454 seconds.
  path: Assets/materials/Materials/tuberia.mat
  artifactKey: Guid(87b3d72b159639d49b0f9cf362c605a6) Importer(815301076,1909f56bfc062723c751e8b465ee728b)
Start importing Assets/materials/Materials/tuberia.mat using Guid(87b3d72b159639d49b0f9cf362c605a6) Importer(815301076,1909f56bfc062723c751e8b465ee728b)  -> (artifact id: 'b7ea25723edeaee68c8836948794e914') in 0.033992 seconds
  Import took 0.035991 seconds .

========================================================================
Received Import Request.
  Time since last request: 4.982669 seconds.
  path: Assets/sounds/super-mario-bros.mp3
  artifactKey: Guid(86ace79856725b345b4e955172dc9273) Importer(815301076,1909f56bfc062723c751e8b465ee728b)
Start importing Assets/sounds/super-mario-bros.mp3 using Guid(86ace79856725b345b4e955172dc9273) Importer(815301076,1909f56bfc062723c751e8b465ee728b)  -> (artifact id: '0a7f55942024cff0f7fdcb5654634135') in 0.015851 seconds
  Import took 0.017677 seconds .

========================================================================
Received Prepare
Registering precompiled user dll's ...
Registered in 0.000343 seconds.
Begin MonoManager ReloadAssembly
Native extension for WindowsStandalone target not found
Native extension for OSXStandalone target not found
Refreshing native plugins compatible for Editor in 0.20 ms, found 0 plugins.
Preloading 0 native plugins for Editor in 0.00 ms.
Invoked RoslynAnalysisRunner static constructor.
RoslynAnalysisRunner will not be running.
RoslynAnalysisRunner has terminated.
Mono: successfully reloaded assembly
- Completed reload, in  0.385 seconds
Platform modules already initialized, skipping
Refreshing native plugins compatible for Editor in 0.29 ms, found 0 plugins.
Preloading 0 native plugins for Editor in 0.00 ms.
Unloading 1398 Unused Serialized files (Serialized files now loaded: 0)
System memory in use before: 88.0 MB.
System memory in use after: 88.1 MB.

Unloading 4 unused Assets to reduce memory usage. Loaded Objects now: 1952.
Total: 1.264900 ms (FindLiveObjects: 0.123600 ms CreateObjectMapping: 0.017800 ms MarkObjects: 1.111800 ms  DeleteObjects: 0.010900 ms)

========================================================================
Received Prepare
Registering precompiled user dll's ...
Registered in 0.000357 seconds.
Begin MonoManager ReloadAssembly
Native extension for WindowsStandalone target not found
Native extension for OSXStandalone target not found
Refreshing native plugins compatible for Editor in 0.20 ms, found 0 plugins.
Preloading 0 native plugins for Editor in 0.00 ms.
Invoked RoslynAnalysisRunner static constructor.
RoslynAnalysisRunner will not be running.
RoslynAnalysisRunner has terminated.
Mono: successfully reloaded assembly
- Completed reload, in  0.378 seconds
Platform modules already initialized, skipping
Refreshing native plugins compatible for Editor in 0.29 ms, found 0 plugins.
Preloading 0 native plugins for Editor in 0.00 ms.
Unloading 1398 Unused Serialized files (Serialized files now loaded: 0)
System memory in use before: 88.0 MB.
System memory in use after: 88.1 MB.

Unloading 4 unused Assets to reduce memory usage. Loaded Objects now: 1954.
Total: 1.782400 ms (FindLiveObjects: 0.188700 ms CreateObjectMapping: 0.028500 ms MarkObjects: 1.550400 ms  DeleteObjects: 0.014100 ms)

========================================================================
Received Import Request.
  Time since last request: 85.810970 seconds.
  path: Assets/sounds/super-mario-bros.mp3
  artifactKey: Guid(86ace79856725b345b4e955172dc9273) Importer(815301076,1909f56bfc062723c751e8b465ee728b)
Start importing Assets/sounds/super-mario-bros.mp3 using Guid(86ace79856725b345b4e955172dc9273) Importer(815301076,1909f56bfc062723c751e8b465ee728b)  -> (artifact id: 'aa7f2ca6ef6a60583f53abc88c7d6726') in 0.027389 seconds
  Import took 0.029261 seconds .

========================================================================
Received Prepare
Registering precompiled user dll's ...
Registered in 0.000328 seconds.
Begin MonoManager ReloadAssembly
Native extension for WindowsStandalone target not found
Native extension for OSXStandalone target not found
Refreshing native plugins compatible for Editor in 0.19 ms, found 0 plugins.
Preloading 0 native plugins for Editor in 0.00 ms.
Invoked RoslynAnalysisRunner static constructor.
RoslynAnalysisRunner will not be running.
RoslynAnalysisRunner has terminated.
Mono: successfully reloaded assembly
- Completed reload, in  0.380 seconds
Platform modules already initialized, skipping
Refreshing native plugins compatible for Editor in 0.32 ms, found 0 plugins.
Preloading 0 native plugins for Editor in 0.00 ms.
Unloading 1398 Unused Serialized files (Serialized files now loaded: 0)
System memory in use before: 88.0 MB.
System memory in use after: 88.1 MB.

Unloading 4 unused Assets to reduce memory usage. Loaded Objects now: 1957.
Total: 1.278000 ms (FindLiveObjects: 0.124000 ms CreateObjectMapping: 0.017300 ms MarkObjects: 1.124900 ms  DeleteObjects: 0.011100 ms)

========================================================================
Received Prepare
Registering precompiled user dll's ...
Registered in 0.000370 seconds.
Begin MonoManager ReloadAssembly
Native extension for WindowsStandalone target not found
Native extension for OSXStandalone target not found
Refreshing native plugins compatible for Editor in 0.22 ms, found 0 plugins.
Preloading 0 native plugins for Editor in 0.00 ms.
Invoked RoslynAnalysisRunner static constructor.
RoslynAnalysisRunner will not be running.
RoslynAnalysisRunner has terminated.
Mono: successfully reloaded assembly
- Completed reload, in  0.408 seconds
Platform modules already initialized, skipping
Refreshing native plugins compatible for Editor in 0.31 ms, found 0 plugins.
Preloading 0 native plugins for Editor in 0.00 ms.
Unloading 1398 Unused Serialized files (Serialized files now loaded: 0)
System memory in use before: 88.0 MB.
System memory in use after: 88.1 MB.

Unloading 4 unused Assets to reduce memory usage. Loaded Objects now: 1959.
Total: 1.264200 ms (FindLiveObjects: 0.132300 ms CreateObjectMapping: 0.017700 ms MarkObjects: 1.102300 ms  DeleteObjects: 0.010800 ms)

========================================================================
Received Prepare
Registering precompiled user dll's ...
Registered in 0.000433 seconds.
Begin MonoManager ReloadAssembly
Native extension for WindowsStandalone target not found
Native extension for OSXStandalone target not found
Refreshing native plugins compatible for Editor in 0.24 ms, found 0 plugins.
Preloading 0 native plugins for Editor in 0.00 ms.
Invoked RoslynAnalysisRunner static constructor.
RoslynAnalysisRunner will not be running.
RoslynAnalysisRunner has terminated.
Mono: successfully reloaded assembly
- Completed reload, in  0.375 seconds
Platform modules already initialized, skipping
Refreshing native plugins compatible for Editor in 0.32 ms, found 0 plugins.
Preloading 0 native plugins for Editor in 0.00 ms.
Unloading 1398 Unused Serialized files (Serialized files now loaded: 0)
System memory in use before: 88.1 MB.
System memory in use after: 88.2 MB.

Unloading 4 unused Assets to reduce memory usage. Loaded Objects now: 1961.
Total: 1.212300 ms (FindLiveObjects: 0.124000 ms CreateObjectMapping: 0.017900 ms MarkObjects: 1.058000 ms  DeleteObjects: 0.011500 ms)

========================================================================
Received Import Request.
  Time since last request: 545.930675 seconds.
  path: Assets/materials/wooden-material-textured-surface-wood-comic-background-in-cartoon-style-wall-panel-for-game-ui-design-illustration-vector.jpg
  artifactKey: Guid(ddd627fe2238979409155b86abaf6fbb) Importer(815301076,1909f56bfc062723c751e8b465ee728b)
Start importing Assets/materials/wooden-material-textured-surface-wood-comic-background-in-cartoon-style-wall-panel-for-game-ui-design-illustration-vector.jpg using Guid(ddd627fe2238979409155b86abaf6fbb) Importer(815301076,1909f56bfc062723c751e8b465ee728b)  -> (artifact id: 'f0005c900482f22ae55ca9a3a8b0077e') in 0.043255 seconds
  Import took 0.045470 seconds .

========================================================================
Received Import Request.
  Time since last request: 8.706845 seconds.
  path: Assets/materials/Materials/palos.mat
  artifactKey: Guid(909c541398ef8f942bccafae8cce1f08) Importer(815301076,1909f56bfc062723c751e8b465ee728b)
Start importing Assets/materials/Materials/palos.mat using Guid(909c541398ef8f942bccafae8cce1f08) Importer(815301076,1909f56bfc062723c751e8b465ee728b)  -> (artifact id: '2fb4fce2347fbdc6bb55ee8e8b1f5018') in 0.024024 seconds
  Import took 0.025875 seconds .

========================================================================
Received Import Request.
  Time since last request: 18.864896 seconds.
  path: Assets/materials/Materials/wooden-material-textured-surface-wood-comic-background-in-cartoon-style-wall-panel-for-game-ui-design-illustration-vector.mat
  artifactKey: Guid(561ef9c60b358d548a55b43846628b0d) Importer(815301076,1909f56bfc062723c751e8b465ee728b)
Start importing Assets/materials/Materials/wooden-material-textured-surface-wood-comic-background-in-cartoon-style-wall-panel-for-game-ui-design-illustration-vector.mat using Guid(561ef9c60b358d548a55b43846628b0d) Importer(815301076,1909f56bfc062723c751e8b465ee728b)  -> (artifact id: 'f42708319ae7d44dec2f9d7598bcff53') in 0.010484 seconds
  Import took 0.012332 seconds .

========================================================================
Received Prepare
Registering precompiled user dll's ...
Registered in 0.000348 seconds.
Begin MonoManager ReloadAssembly
Native extension for WindowsStandalone target not found
Native extension for OSXStandalone target not found
Refreshing native plugins compatible for Editor in 0.19 ms, found 0 plugins.
Preloading 0 native plugins for Editor in 0.00 ms.
Invoked RoslynAnalysisRunner static constructor.
RoslynAnalysisRunner will not be running.
RoslynAnalysisRunner has terminated.
Mono: successfully reloaded assembly
- Completed reload, in  0.384 seconds
Platform modules already initialized, skipping
Refreshing native plugins compatible for Editor in 0.31 ms, found 0 plugins.
Preloading 0 native plugins for Editor in 0.00 ms.
Unloading 1399 Unused Serialized files (Serialized files now loaded: 0)
System memory in use before: 88.1 MB.
System memory in use after: 88.2 MB.

Unloading 4 unused Assets to reduce memory usage. Loaded Objects now: 1966.
Total: 1.988800 ms (FindLiveObjects: 0.212000 ms CreateObjectMapping: 0.040100 ms MarkObjects: 1.722000 ms  DeleteObjects: 0.013700 ms)

========================================================================
Received Prepare
Registering precompiled user dll's ...
Registered in 0.000345 seconds.
Begin MonoManager ReloadAssembly
Native extension for WindowsStandalone target not found
Native extension for OSXStandalone target not found
Refreshing native plugins compatible for Editor in 0.20 ms, found 0 plugins.
Preloading 0 native plugins for Editor in 0.00 ms.
Invoked RoslynAnalysisRunner static constructor.
RoslynAnalysisRunner will not be running.
RoslynAnalysisRunner has terminated.
Mono: successfully reloaded assembly
- Completed reload, in  0.380 seconds
Platform modules already initialized, skipping
Refreshing native plugins compatible for Editor in 0.28 ms, found 0 plugins.
Preloading 0 native plugins for Editor in 0.00 ms.
Unloading 1399 Unused Serialized files (Serialized files now loaded: 0)
System memory in use before: 88.1 MB.
System memory in use after: 88.2 MB.

Unloading 4 unused Assets to reduce memory usage. Loaded Objects now: 1968.
Total: 2.335000 ms (FindLiveObjects: 0.242600 ms CreateObjectMapping: 0.040900 ms MarkObjects: 2.035500 ms  DeleteObjects: 0.014900 ms)

========================================================================
Received Prepare
Registering precompiled user dll's ...
Registered in 0.000378 seconds.
Begin MonoManager ReloadAssembly
Native extension for WindowsStandalone target not found
Native extension for OSXStandalone target not found
Refreshing native plugins compatible for Editor in 0.21 ms, found 0 plugins.
Preloading 0 native plugins for Editor in 0.00 ms.
Invoked RoslynAnalysisRunner static constructor.
RoslynAnalysisRunner will not be running.
RoslynAnalysisRunner has terminated.
Mono: successfully reloaded assembly
- Completed reload, in  0.394 seconds
Platform modules already initialized, skipping
Refreshing native plugins compatible for Editor in 0.30 ms, found 0 plugins.
Preloading 0 native plugins for Editor in 0.00 ms.
Unloading 1399 Unused Serialized files (Serialized files now loaded: 0)
System memory in use before: 88.1 MB.
System memory in use after: 88.2 MB.

Unloading 4 unused Assets to reduce memory usage. Loaded Objects now: 1970.
Total: 1.939700 ms (FindLiveObjects: 0.238200 ms CreateObjectMapping: 0.031600 ms MarkObjects: 1.651700 ms  DeleteObjects: 0.017300 ms)

========================================================================
Received Prepare
Registering precompiled user dll's ...
Registered in 0.000453 seconds.
Begin MonoManager ReloadAssembly
Native extension for WindowsStandalone target not found
Native extension for OSXStandalone target not found
Refreshing native plugins compatible for Editor in 0.21 ms, found 0 plugins.
Preloading 0 native plugins for Editor in 0.00 ms.
Invoked RoslynAnalysisRunner static constructor.
RoslynAnalysisRunner will not be running.
RoslynAnalysisRunner has terminated.
Mono: successfully reloaded assembly
- Completed reload, in  0.405 seconds
Platform modules already initialized, skipping
Refreshing native plugins compatible for Editor in 0.32 ms, found 0 plugins.
Preloading 0 native plugins for Editor in 0.00 ms.
Unloading 1399 Unused Serialized files (Serialized files now loaded: 0)
System memory in use before: 88.1 MB.
System memory in use after: 88.2 MB.

Unloading 4 unused Assets to reduce memory usage. Loaded Objects now: 1972.
Total: 1.911600 ms (FindLiveObjects: 0.203800 ms CreateObjectMapping: 0.040500 ms MarkObjects: 1.653200 ms  DeleteObjects: 0.013000 ms)

========================================================================
Received Import Request.
  Time since last request: 1119.729515 seconds.
  path: Assets/materials/61pDz9XeRVL._AC_UF1000,1000_QL80_.jpg
  artifactKey: Guid(ebaf0a62e7a155641b55290c0646bf4c) Importer(815301076,1909f56bfc062723c751e8b465ee728b)
Start importing Assets/materials/61pDz9XeRVL._AC_UF1000,1000_QL80_.jpg using Guid(ebaf0a62e7a155641b55290c0646bf4c) Importer(815301076,1909f56bfc062723c751e8b465ee728b)  -> (artifact id: '6a711009f79bf77ffc890e54d074011e') in 0.022347 seconds
  Import took 0.024313 seconds .

========================================================================
Received Import Request.
  Time since last request: 9.895562 seconds.
  path: Assets/materials/Materials/ParedAplasta.mat
  artifactKey: Guid(f6d1b794570812d47a8001e2f7f08618) Importer(815301076,1909f56bfc062723c751e8b465ee728b)
Start importing Assets/materials/Materials/ParedAplasta.mat using Guid(f6d1b794570812d47a8001e2f7f08618) Importer(815301076,1909f56bfc062723c751e8b465ee728b)  -> (artifact id: '8665036eacfecac96ffe8148fc9a595e') in 0.024799 seconds
  Import took 0.026574 seconds .

========================================================================
Received Import Request.
  Time since last request: 67.794197 seconds.
  path: Assets/materials/Materials/61pDz9XeRVL._AC_UF1000,1000_QL80_.mat
  artifactKey: Guid(4a018db474297094180abcbb454377be) Importer(815301076,1909f56bfc062723c751e8b465ee728b)
Start importing Assets/materials/Materials/61pDz9XeRVL._AC_UF1000,1000_QL80_.mat using Guid(4a018db474297094180abcbb454377be) Importer(815301076,1909f56bfc062723c751e8b465ee728b)  -> (artifact id: '15b46178d4ac0062603e01ccd91dc4ea') in 0.010352 seconds
  Import took 0.012189 seconds .

========================================================================
Received Import Request.
  Time since last request: 103.214043 seconds.
  path: Assets/materials/2641e2bf00cef2a55c17b3095dc8ed55.jpg
  artifactKey: Guid(5c58b2064c6b6d0408d8d9b640f1703a) Importer(815301076,1909f56bfc062723c751e8b465ee728b)
Start importing Assets/materials/2641e2bf00cef2a55c17b3095dc8ed55.jpg using Guid(5c58b2064c6b6d0408d8d9b640f1703a) Importer(815301076,1909f56bfc062723c751e8b465ee728b)  -> (artifact id: 'e6567c79b2f4541976d026b447ad8e0e') in 0.008790 seconds
  Import took 0.011104 seconds .

========================================================================
Received Import Request.
  Time since last request: 18.777088 seconds.
  path: Assets/materials/Materials/2641e2bf00cef2a55c17b3095dc8ed55.mat
  artifactKey: Guid(f37bf46d49ce2104b93aa15fcef814e4) Importer(815301076,1909f56bfc062723c751e8b465ee728b)
Start importing Assets/materials/Materials/2641e2bf00cef2a55c17b3095dc8ed55.mat using Guid(f37bf46d49ce2104b93aa15fcef814e4) Importer(815301076,1909f56bfc062723c751e8b465ee728b)  -> (artifact id: 'c613f14c77b4dc2b8943d2285d0b76a5') in 0.011226 seconds
  Import took 0.013079 seconds .

========================================================================
Received Import Request.
  Time since last request: 0.003575 seconds.
  path: Assets/materials/Materials/2641e2bf00cef2a55c17b3095dc8ed55.mat
  artifactKey: Guid(f37bf46d49ce2104b93aa15fcef814e4) Importer(815301076,1909f56bfc062723c751e8b465ee728b)
Start importing Assets/materials/Materials/2641e2bf00cef2a55c17b3095dc8ed55.mat using Guid(f37bf46d49ce2104b93aa15fcef814e4) Importer(815301076,1909f56bfc062723c751e8b465ee728b)  -> (artifact id: 'c613f14c77b4dc2b8943d2285d0b76a5') in 0.013267 seconds
  Import took 0.014826 seconds .

========================================================================
Received Import Request.
  Time since last request: 66.537683 seconds.
  path: Assets/materials/Materials/f8f1837ae227d0cfee62281f9e3e0ecd.jpg
  artifactKey: Guid(6068de3ae40366042ac7014b8048fa1b) Importer(815301076,1909f56bfc062723c751e8b465ee728b)
Start importing Assets/materials/Materials/f8f1837ae227d0cfee62281f9e3e0ecd.jpg using Guid(6068de3ae40366042ac7014b8048fa1b) Importer(815301076,1909f56bfc062723c751e8b465ee728b)  -> (artifact id: 'c5f3e9913406f96398efab1a34c87575') in 0.008456 seconds
  Import took 0.010552 seconds .

========================================================================
Received Import Request.
  Time since last request: 0.000719 seconds.
  path: Assets/materials/Materials/f8f1837ae227d0cfee62281f9e3e0ecd.jpg
  artifactKey: Guid(6068de3ae40366042ac7014b8048fa1b) Importer(815301076,1909f56bfc062723c751e8b465ee728b)
Start importing Assets/materials/Materials/f8f1837ae227d0cfee62281f9e3e0ecd.jpg using Guid(6068de3ae40366042ac7014b8048fa1b) Importer(815301076,1909f56bfc062723c751e8b465ee728b)  -> (artifact id: 'c5f3e9913406f96398efab1a34c87575') in 0.007103 seconds
  Import took 0.008839 seconds .

========================================================================
Received Import Request.
  Time since last request: 87.796138 seconds.
  path: Assets/materials/Materials/750c2711024159.560efda81d644.jpg
  artifactKey: Guid(89a9f5150914e854b96fea8a691daa4e) Importer(815301076,1909f56bfc062723c751e8b465ee728b)
Start importing Assets/materials/Materials/750c2711024159.560efda81d644.jpg using Guid(89a9f5150914e854b96fea8a691daa4e) Importer(815301076,1909f56bfc062723c751e8b465ee728b)  -> (artifact id: 'd55d50099211122e1c5f991e96b00acd') in 0.008480 seconds
  Import took 0.010617 seconds .

========================================================================
Received Import Request.
  Time since last request: 28.303929 seconds.
  path: Assets/materials/Materials/Materials/750c2711024159.560efda81d644.mat
  artifactKey: Guid(db47cc72361c9ad44a334f043211159d) Importer(815301076,1909f56bfc062723c751e8b465ee728b)
Start importing Assets/materials/Materials/Materials/750c2711024159.560efda81d644.mat using Guid(db47cc72361c9ad44a334f043211159d) Importer(815301076,1909f56bfc062723c751e8b465ee728b)  -> (artifact id: 'beff742cf64f6a75ef2897af880a08e1') in 0.009973 seconds
  Import took 0.011696 seconds .

========================================================================
Received Import Request.
  Time since last request: 27.439610 seconds.
  path: Assets/materials/Materials/750c2711024159.560efda81d644-removebg-preview.png
  artifactKey: Guid(63b6633019aad8342b2db601016e4403) Importer(815301076,1909f56bfc062723c751e8b465ee728b)
Start importing Assets/materials/Materials/750c2711024159.560efda81d644-removebg-preview.png using Guid(63b6633019aad8342b2db601016e4403) Importer(815301076,1909f56bfc062723c751e8b465ee728b)  -> (artifact id: 'd9d45ffa321c9fca3ce6aace9e3c9fef') in 0.008597 seconds
  Import took 0.010431 seconds .

========================================================================
Received Import Request.
  Time since last request: 6.016436 seconds.
  path: Assets/materials/Materials/New Material.mat
  artifactKey: Guid(eb960ccaa2ec3ea41b596df6193948d9) Importer(815301076,1909f56bfc062723c751e8b465ee728b)
Start importing Assets/materials/Materials/New Material.mat using Guid(eb960ccaa2ec3ea41b596df6193948d9) Importer(815301076,1909f56bfc062723c751e8b465ee728b)  -> (artifact id: '397f23d79f1592ed4793b73ee63d2f6a') in 0.009851 seconds
  Import took 0.011756 seconds .

========================================================================
Received Prepare
Registering precompiled user dll's ...
Registered in 0.000409 seconds.
Begin MonoManager ReloadAssembly
Native extension for WindowsStandalone target not found
Native extension for OSXStandalone target not found
Refreshing native plugins compatible for Editor in 0.20 ms, found 0 plugins.
Preloading 0 native plugins for Editor in 0.00 ms.
Invoked RoslynAnalysisRunner static constructor.
RoslynAnalysisRunner will not be running.
RoslynAnalysisRunner has terminated.
Mono: successfully reloaded assembly
- Completed reload, in  0.368 seconds
Platform modules already initialized, skipping
Refreshing native plugins compatible for Editor in 0.31 ms, found 0 plugins.
Preloading 0 native plugins for Editor in 0.00 ms.
Unloading 1399 Unused Serialized files (Serialized files now loaded: 0)
System memory in use before: 88.1 MB.
System memory in use after: 88.3 MB.

Unloading 4 unused Assets to reduce memory usage. Loaded Objects now: 1976.
Total: 1.343000 ms (FindLiveObjects: 0.149400 ms CreateObjectMapping: 0.024600 ms MarkObjects: 1.155800 ms  DeleteObjects: 0.012400 ms)

========================================================================
Received Import Request.
  Time since last request: 256.464750 seconds.
  path: Assets/materials/Materials/ball_mario.mat
  artifactKey: Guid(8892b0c9a2248714e8e5407eb041f115) Importer(815301076,1909f56bfc062723c751e8b465ee728b)
Start importing Assets/materials/Materials/ball_mario.mat using Guid(8892b0c9a2248714e8e5407eb041f115) Importer(815301076,1909f56bfc062723c751e8b465ee728b)  -> (artifact id: '35977c95a36ecccc89a4a1512c2189e2') in 0.038043 seconds
  Import took 0.039983 seconds .

========================================================================
Received Prepare
Registering precompiled user dll's ...
Registered in 0.000460 seconds.
Begin MonoManager ReloadAssembly
Native extension for WindowsStandalone target not found
Native extension for OSXStandalone target not found
Refreshing native plugins compatible for Editor in 0.33 ms, found 0 plugins.
Preloading 0 native plugins for Editor in 0.00 ms.
Invoked RoslynAnalysisRunner static constructor.
RoslynAnalysisRunner will not be running.
RoslynAnalysisRunner has terminated.
Mono: successfully reloaded assembly
- Completed reload, in  0.435 seconds
Platform modules already initialized, skipping
Refreshing native plugins compatible for Editor in 0.35 ms, found 0 plugins.
Preloading 0 native plugins for Editor in 0.00 ms.
Unloading 1399 Unused Serialized files (Serialized files now loaded: 0)
System memory in use before: 88.2 MB.
System memory in use after: 88.3 MB.

Unloading 4 unused Assets to reduce memory usage. Loaded Objects now: 1979.
Total: 1.429400 ms (FindLiveObjects: 0.223600 ms CreateObjectMapping: 0.053900 ms MarkObjects: 1.135600 ms  DeleteObjects: 0.015600 ms)

========================================================================
Received Prepare
Registering precompiled user dll's ...
Registered in 0.000333 seconds.
Begin MonoManager ReloadAssembly
Native extension for WindowsStandalone target not found
Native extension for OSXStandalone target not found
Refreshing native plugins compatible for Editor in 0.19 ms, found 0 plugins.
Preloading 0 native plugins for Editor in 0.00 ms.
Invoked RoslynAnalysisRunner static constructor.
RoslynAnalysisRunner will not be running.
RoslynAnalysisRunner has terminated.
Mono: successfully reloaded assembly
- Completed reload, in  0.378 seconds
Platform modules already initialized, skipping
Refreshing native plugins compatible for Editor in 0.38 ms, found 0 plugins.
Preloading 0 native plugins for Editor in 0.00 ms.
Unloading 1399 Unused Serialized files (Serialized files now loaded: 0)
System memory in use before: 88.2 MB.
System memory in use after: 88.3 MB.

Unloading 4 unused Assets to reduce memory usage. Loaded Objects now: 1981.
Total: 1.211700 ms (FindLiveObjects: 0.146400 ms CreateObjectMapping: 0.018200 ms MarkObjects: 1.034200 ms  DeleteObjects: 0.011900 ms)

========================================================================
Received Prepare
Registering precompiled user dll's ...
Registered in 0.000405 seconds.
Begin MonoManager ReloadAssembly
Native extension for WindowsStandalone target not found
Native extension for OSXStandalone target not found
Refreshing native plugins compatible for Editor in 0.28 ms, found 0 plugins.
Preloading 0 native plugins for Editor in 0.00 ms.
Invoked RoslynAnalysisRunner static constructor.
RoslynAnalysisRunner will not be running.
RoslynAnalysisRunner has terminated.
Mono: successfully reloaded assembly
- Completed reload, in  0.438 seconds
Platform modules already initialized, skipping
Refreshing native plugins compatible for Editor in 0.47 ms, found 0 plugins.
Preloading 0 native plugins for Editor in 0.00 ms.
Unloading 1399 Unused Serialized files (Serialized files now loaded: 0)
System memory in use before: 88.2 MB.
System memory in use after: 88.3 MB.

Unloading 4 unused Assets to reduce memory usage. Loaded Objects now: 1983.
Total: 2.019400 ms (FindLiveObjects: 0.289400 ms CreateObjectMapping: 0.033900 ms MarkObjects: 1.681700 ms  DeleteObjects: 0.013300 ms)

========================================================================
Received Prepare
Registering precompiled user dll's ...
Registered in 0.000351 seconds.
Begin MonoManager ReloadAssembly
Native extension for WindowsStandalone target not found
Native extension for OSXStandalone target not found
Refreshing native plugins compatible for Editor in 0.24 ms, found 0 plugins.
Preloading 0 native plugins for Editor in 0.00 ms.
Invoked RoslynAnalysisRunner static constructor.
RoslynAnalysisRunner will not be running.
RoslynAnalysisRunner has terminated.
Mono: successfully reloaded assembly
- Completed reload, in  0.393 seconds
Platform modules already initialized, skipping
Refreshing native plugins compatible for Editor in 0.29 ms, found 0 plugins.
Preloading 0 native plugins for Editor in 0.00 ms.
Unloading 1399 Unused Serialized files (Serialized files now loaded: 0)
System memory in use before: 88.2 MB.
System memory in use after: 88.3 MB.

Unloading 4 unused Assets to reduce memory usage. Loaded Objects now: 1985.
Total: 2.283500 ms (FindLiveObjects: 0.412700 ms CreateObjectMapping: 0.049600 ms MarkObjects: 1.806300 ms  DeleteObjects: 0.013700 ms)

========================================================================
Received Import Request.
  Time since last request: 864.708829 seconds.
  path: Assets/materials/Materials/Materials/f8f1837ae227d0cfee62281f9e3e0ecd.mat
  artifactKey: Guid(73443f2c6e293354ba7a9a2da2f2dd94) Importer(815301076,1909f56bfc062723c751e8b465ee728b)
Start importing Assets/materials/Materials/Materials/f8f1837ae227d0cfee62281f9e3e0ecd.mat using Guid(73443f2c6e293354ba7a9a2da2f2dd94) Importer(815301076,1909f56bfc062723c751e8b465ee728b)  -> (artifact id: 'ed648378c66a67585990d4efa0755617') in 0.030556 seconds
  Import took 0.032391 seconds .

========================================================================
Received Import Request.
  Time since last request: 0.769801 seconds.
  path: Assets/materials/Materials/Materials/750c2711024159.560efda81d644-removebg-preview.mat
  artifactKey: Guid(6d07e39a118439b478d3301d38427f33) Importer(815301076,1909f56bfc062723c751e8b465ee728b)
Start importing Assets/materials/Materials/Materials/750c2711024159.560efda81d644-removebg-preview.mat using Guid(6d07e39a118439b478d3301d38427f33) Importer(815301076,1909f56bfc062723c751e8b465ee728b)  -> (artifact id: '303a89889e965bf3c6cafadb1b64ccae') in 0.005148 seconds
  Import took 0.006713 seconds .

========================================================================
Received Import Request.
  Time since last request: 23.472002 seconds.
  path: Assets/materials/Materials/hitting.mat
  artifactKey: Guid(b69bbfcf1d961d34fb3e6f7b2a4a209c) Importer(815301076,1909f56bfc062723c751e8b465ee728b)
Start importing Assets/materials/Materials/hitting.mat using Guid(b69bbfcf1d961d34fb3e6f7b2a4a209c) Importer(815301076,1909f56bfc062723c751e8b465ee728b)  -> (artifact id: '0a712316bcbeca0721f743aefd20e3b5') in 0.009376 seconds
  Import took 0.011106 seconds .

========================================================================
Received Prepare
Registering precompiled user dll's ...
Registered in 0.000338 seconds.
Begin MonoManager ReloadAssembly
Native extension for WindowsStandalone target not found
Native extension for OSXStandalone target not found
Refreshing native plugins compatible for Editor in 0.19 ms, found 0 plugins.
Preloading 0 native plugins for Editor in 0.00 ms.
Invoked RoslynAnalysisRunner static constructor.
RoslynAnalysisRunner will not be running.
RoslynAnalysisRunner has terminated.
Mono: successfully reloaded assembly
- Completed reload, in  0.374 seconds
Platform modules already initialized, skipping
Refreshing native plugins compatible for Editor in 0.29 ms, found 0 plugins.
Preloading 0 native plugins for Editor in 0.00 ms.
Unloading 1399 Unused Serialized files (Serialized files now loaded: 0)
System memory in use before: 88.2 MB.
System memory in use after: 88.3 MB.

Unloading 4 unused Assets to reduce memory usage. Loaded Objects now: 1988.
Total: 2.352400 ms (FindLiveObjects: 0.210900 ms CreateObjectMapping: 0.032400 ms MarkObjects: 2.094300 ms  DeleteObjects: 0.013900 ms)

========================================================================
Received Import Request.
  Time since last request: 155.075121 seconds.
  path: Assets/materials/Materials/ParedAplasta.mat
  artifactKey: Guid(f6d1b794570812d47a8001e2f7f08618) Importer(815301076,1909f56bfc062723c751e8b465ee728b)
Start importing Assets/materials/Materials/ParedAplasta.mat using Guid(f6d1b794570812d47a8001e2f7f08618) Importer(815301076,1909f56bfc062723c751e8b465ee728b)  -> (artifact id: 'bfd4f95cad5ccbbd24dc6f09a307275c') in 0.034683 seconds
  Import took 0.036343 seconds .

========================================================================
Received Import Request.
  Time since last request: 0.000129 seconds.
  path: Assets/materials/Materials/ball_mario.mat
  artifactKey: Guid(8892b0c9a2248714e8e5407eb041f115) Importer(815301076,1909f56bfc062723c751e8b465ee728b)
Start importing Assets/materials/Materials/ball_mario.mat using Guid(8892b0c9a2248714e8e5407eb041f115) Importer(815301076,1909f56bfc062723c751e8b465ee728b)  -> (artifact id: 'd524749ac69c01b3e51c17891917acd2') in 0.009491 seconds
  Import took 0.010961 seconds .

========================================================================
Received Import Request.
  Time since last request: 0.000119 seconds.
  path: Assets/materials/Materials/hitting.mat
  artifactKey: Guid(b69bbfcf1d961d34fb3e6f7b2a4a209c) Importer(815301076,1909f56bfc062723c751e8b465ee728b)
Start importing Assets/materials/Materials/hitting.mat using Guid(b69bbfcf1d961d34fb3e6f7b2a4a209c) Importer(815301076,1909f56bfc062723c751e8b465ee728b)  -> (artifact id: 'ee84e3cf0d677c6eb92f165100278a92') in 0.008919 seconds
  Import took 0.010482 seconds .

========================================================================
Received Import Request.
  Time since last request: 0.000110 seconds.
  path: Assets/materials/Materials/ball_mario.mat
  artifactKey: Guid(8892b0c9a2248714e8e5407eb041f115) Importer(815301076,1909f56bfc062723c751e8b465ee728b)
Start importing Assets/materials/Materials/ball_mario.mat using Guid(8892b0c9a2248714e8e5407eb041f115) Importer(815301076,1909f56bfc062723c751e8b465ee728b)  -> (artifact id: 'd524749ac69c01b3e51c17891917acd2') in 0.010125 seconds
  Import took 0.011704 seconds .

========================================================================
Received Import Request.
  Time since last request: 0.000107 seconds.
  path: Assets/materials/Materials/palos.mat
  artifactKey: Guid(909c541398ef8f942bccafae8cce1f08) Importer(815301076,1909f56bfc062723c751e8b465ee728b)
Start importing Assets/materials/Materials/palos.mat using Guid(909c541398ef8f942bccafae8cce1f08) Importer(815301076,1909f56bfc062723c751e8b465ee728b)  -> (artifact id: '7d56185fbd5551362fe07fd52500a670') in 0.010863 seconds
  Import took 0.012287 seconds .

========================================================================
Received Prepare
Refreshing native plugins compatible for Editor in 0.92 ms, found 0 plugins.
Preloading 0 native plugins for Editor in 0.00 ms.
Unloading 2 Unused Serialized files (Serialized files now loaded: 0)
System memory in use before: 60.6 MB.
System memory in use after: 60.7 MB.

Unloading 2 unused Assets to reduce memory usage. Loaded Objects now: 1989.
Total: 3.546500 ms (FindLiveObjects: 0.587300 ms CreateObjectMapping: 0.188600 ms MarkObjects: 2.753000 ms  DeleteObjects: 0.016400 ms)

========================================================================
Received Prepare
Refreshing native plugins compatible for Editor in 0.76 ms, found 0 plugins.
Preloading 0 native plugins for Editor in 0.00 ms.
Unloading 2 Unused Serialized files (Serialized files now loaded: 0)
System memory in use before: 60.6 MB.
System memory in use after: 60.7 MB.

Unloading 2 unused Assets to reduce memory usage. Loaded Objects now: 1989.
Total: 2.386100 ms (FindLiveObjects: 0.199600 ms CreateObjectMapping: 0.045300 ms MarkObjects: 2.129500 ms  DeleteObjects: 0.010800 ms)

========================================================================
Received Prepare
Registering precompiled user dll's ...
Registered in 0.000373 seconds.
Begin MonoManager ReloadAssembly
Native extension for WindowsStandalone target not found
Native extension for OSXStandalone target not found
Refreshing native plugins compatible for Editor in 0.19 ms, found 0 plugins.
Preloading 0 native plugins for Editor in 0.00 ms.
Invoked RoslynAnalysisRunner static constructor.
RoslynAnalysisRunner will not be running.
RoslynAnalysisRunner has terminated.
Mono: successfully reloaded assembly
- Completed reload, in  0.379 seconds
Platform modules already initialized, skipping
Refreshing native plugins compatible for Editor in 0.33 ms, found 0 plugins.
Preloading 0 native plugins for Editor in 0.00 ms.
Unloading 1399 Unused Serialized files (Serialized files now loaded: 0)
System memory in use before: 88.2 MB.
System memory in use after: 88.3 MB.

Unloading 4 unused Assets to reduce memory usage. Loaded Objects now: 1991.
Total: 1.958400 ms (FindLiveObjects: 0.216800 ms CreateObjectMapping: 0.027400 ms MarkObjects: 1.698000 ms  DeleteObjects: 0.015300 ms)

========================================================================
Received Prepare
Refreshing native plugins compatible for Editor in 0.85 ms, found 0 plugins.
Preloading 0 native plugins for Editor in 0.00 ms.
Unloading 2 Unused Serialized files (Serialized files now loaded: 0)
System memory in use before: 60.5 MB.
System memory in use after: 60.7 MB.

Unloading 2 unused Assets to reduce memory usage. Loaded Objects now: 1991.
Total: 1.343100 ms (FindLiveObjects: 0.168300 ms CreateObjectMapping: 0.029500 ms MarkObjects: 1.135100 ms  DeleteObjects: 0.009400 ms)

========================================================================
Received Prepare
Refreshing native plugins compatible for Editor in 0.85 ms, found 0 plugins.
Preloading 0 native plugins for Editor in 0.00 ms.
Unloading 2 Unused Serialized files (Serialized files now loaded: 0)
System memory in use before: 60.6 MB.
System memory in use after: 60.7 MB.

Unloading 2 unused Assets to reduce memory usage. Loaded Objects now: 1991.
Total: 2.407600 ms (FindLiveObjects: 0.245700 ms CreateObjectMapping: 0.035300 ms MarkObjects: 2.112300 ms  DeleteObjects: 0.013300 ms)

========================================================================
Received Prepare
Registering precompiled user dll's ...
Registered in 0.000374 seconds.
Begin MonoManager ReloadAssembly
Native extension for WindowsStandalone target not found
Native extension for OSXStandalone target not found
Refreshing native plugins compatible for Editor in 0.20 ms, found 0 plugins.
Preloading 0 native plugins for Editor in 0.00 ms.
Invoked RoslynAnalysisRunner static constructor.
RoslynAnalysisRunner will not be running.
RoslynAnalysisRunner has terminated.
Mono: successfully reloaded assembly
- Completed reload, in  0.381 seconds
Platform modules already initialized, skipping
Refreshing native plugins compatible for Editor in 0.30 ms, found 0 plugins.
Preloading 0 native plugins for Editor in 0.00 ms.
Unloading 1399 Unused Serialized files (Serialized files now loaded: 0)
System memory in use before: 88.4 MB.
System memory in use after: 88.5 MB.

Unloading 4 unused Assets to reduce memory usage. Loaded Objects now: 1993.
Total: 1.765300 ms (FindLiveObjects: 0.246500 ms CreateObjectMapping: 0.031400 ms MarkObjects: 1.473900 ms  DeleteObjects: 0.012800 ms)

========================================================================
Received Prepare
Refreshing native plugins compatible for Editor in 0.84 ms, found 0 plugins.
Preloading 0 native plugins for Editor in 0.00 ms.
Unloading 2 Unused Serialized files (Serialized files now loaded: 0)
System memory in use before: 60.7 MB.
System memory in use after: 60.9 MB.

Unloading 2 unused Assets to reduce memory usage. Loaded Objects now: 1993.
Total: 1.848000 ms (FindLiveObjects: 0.227000 ms CreateObjectMapping: 0.030900 ms MarkObjects: 1.575200 ms  DeleteObjects: 0.014000 ms)

========================================================================
Received Prepare
Refreshing native plugins compatible for Editor in 0.74 ms, found 0 plugins.
Preloading 0 native plugins for Editor in 0.00 ms.
Unloading 2 Unused Serialized files (Serialized files now loaded: 0)
System memory in use before: 60.7 MB.
System memory in use after: 60.9 MB.

Unloading 2 unused Assets to reduce memory usage. Loaded Objects now: 1993.
Total: 2.187700 ms (FindLiveObjects: 0.209500 ms CreateObjectMapping: 0.029300 ms MarkObjects: 1.933900 ms  DeleteObjects: 0.014200 ms)

AssetImportWorkerClient::OnTransportError - code=2 error=End of file
